<?xml version="1.0" encoding="UTF-8"?>
<!-- Generated by org.testng.reporters.JUnitXMLReporter -->
<testsuite ignored="0" hostname="Lakshmi" failures="0" tests="3" name="CreateBooking" time="4.403" errors="0" timestamp="2022-11-28T16:56:26 GMT">
  <testcase classname="com.restfuldemo.automation.CreateBooking" name="createBooking" time="2.387"/>
  <testcase classname="com.restfuldemo.automation.CreateBooking" name="createBooking" time="0.641"/>
  <testcase classname="com.restfuldemo.automation.CreateBooking" name="createBooking" time="0.696"/>
</testsuite> <!-- CreateBooking -->
