<?xml version="1.0" encoding="UTF-8"?>
<!-- Generated by org.testng.reporters.JUnitXMLReporter -->
<testsuite ignored="0" hostname="Lakshmi" failures="0" tests="3" name="CreateBooking" time="3.59" errors="0" timestamp="2022-11-28T21:06:46 GMT">
  <testcase classname="com.restfuldemo.automation.CreateBooking" name="createBooking" time="1.968"/>
  <testcase classname="com.restfuldemo.automation.CreateBooking" name="createBooking" time="0.518"/>
  <testcase classname="com.restfuldemo.automation.CreateBooking" name="createBooking" time="0.518"/>
</testsuite> <!-- CreateBooking -->
