<?xml version="1.0" encoding="UTF-8"?>
<!-- Generated by org.testng.reporters.JUnitXMLReporter -->
<testsuite ignored="0" hostname="Lakshmi" failures="0" tests="3" name="Default test" time="4.608" errors="0" timestamp="2022-11-28T16:52:08 GMT">
  <testcase classname="com.restfuldemo.automation.CreateBooking" name="createBooking" time="2.867"/>
  <testcase classname="com.restfuldemo.automation.CreateBooking" name="createBooking" time="0.55"/>
  <testcase classname="com.restfuldemo.automation.CreateBooking" name="createBooking" time="0.538"/>
</testsuite> <!-- Default test -->
